2024.10.17 22:45:07 INFO  Started: Metals version 1.3.5 in folders '/home/user/VexRiscv' for client Visual Studio Code 1.94.2.
SLF4J(W): Class path contains multiple SLF4J providers.
SLF4J(W): Found provider [scribe.slf4j.ScribeServiceProvider@283b1699]
SLF4J(W): Found provider [ch.qos.logback.classic.spi.LogbackServiceProvider@7d8a32ec]
SLF4J(W): See https://www.slf4j.org/codes.html#multiple_bindings for an explanation.
SLF4J(I): Actual provider is of type [scribe.slf4j.ScribeServiceProvider@283b1699]
2024.10.17 22:45:07 WARN  Flyway upgrade recommended: H2 2.3.230 is newer than this version of Flyway and support has not been tested. The latest supported version of H2 is 2.2.220.
2024.10.17 22:45:08 INFO  Attempting to connect to the build server...
2024.10.17 22:45:09 INFO  no build target found for /home/user/VexRiscv/modify/build.sbt. Using presentation compiler with project's scala-library version: 3.3.3
2024.10.17 22:45:09 INFO  tracing is disabled for protocol BSP, to enable tracing of incoming and outgoing JSON messages create an empty file at /home/user/VexRiscv/.metals/bsp.trace.json or /home/user/.cache/metals/bsp.trace.json
2024.10.17 22:45:09 INFO  time: Connected to build server in 1.18s
2024.10.17 22:45:09 INFO  Connected to Build server: Bloop v1.6.0
2024.10.17 22:45:09 INFO  time: Imported build in 0.35s
2024.10.17 22:45:12 INFO  no build target found for /home/user/VexRiscv/modify/build.sbt. Using presentation compiler with project's scala-library version: 3.3.3
2024.10.17 22:45:12 INFO  running doctor check
2024.10.17 22:45:12 INFO  java targets: 
2024.10.17 22:45:13 WARN  Could not find java sources in /usr/lib/jvm/src.zip, /usr/lib/jvm/lib/src.zip, /usr/lib/jvm/java-17-openjdk-amd64/src.zip, /usr/lib/jvm/java-17-openjdk-amd64/lib/src.zip. Java symbols will not be available.
2024.10.17 22:45:13 WARN  Could not find java sources in /usr/lib/jvm/src.zip, /usr/lib/jvm/lib/src.zip, /usr/lib/jvm/java-17-openjdk-amd64/src.zip, /usr/lib/jvm/java-17-openjdk-amd64/lib/src.zip. Java symbols will not be available.
2024.10.17 22:45:13 INFO  time: indexed workspace in 1.15s
2024.10.17 22:45:13 WARN  no build target for: /home/user/VexRiscv/modify/build.sbt
2024.10.17 22:45:13 INFO  no build target found for /home/user/VexRiscv/modify/build.sbt. Using presentation compiler with project's scala-library version: 3.3.3
2024.10.17 22:45:14 INFO  no build target found for /home/user/VexRiscv/modify/build.sbt. Using presentation compiler with project's scala-library version: 3.3.3
2024.10.17 22:45:14 INFO  no build target found for /home/user/VexRiscv/modify/build.sbt. Using presentation compiler with project's scala-library version: 3.3.3
2024.10.17 22:45:15 INFO  no build target found for /home/user/VexRiscv/modify/build.sbt. Using presentation compiler with project's scala-library version: 3.3.3
2024.10.17 22:45:15 INFO  time: code lens generation in 2.07s
2024.10.17 22:47:00 INFO  no build target found for /home/user/VexRiscv/modify/build.sbt. Using presentation compiler with project's scala-library version: 3.3.3
